{
  "RSpec": {
    "coverage": {
      "/Users/zacksiri/Repositories/writefully/spec/lib/writefully/content_spec.rb": [
        1,
        null,
        1,
        1,
        5,
        1,
        null,
        null,
        null,
        null,
        null,
        null,
        null,
        1,
        5,
        null,
        2,
        2,
        2,
        2,
        null,
        null
      ],
      "/Users/zacksiri/Repositories/writefully/spec/lib/writefully/indices_spec.rb": [
        1,
        null,
        1,
        1,
        2,
        2,
        1,
        null,
        1,
        1,
        null,
        null,
        null
      ],
      "/Users/zacksiri/Repositories/writefully/spec/lib/writefully/source_spec.rb": [
        1,
        null,
        1,
        1,
        6,
        2,
        null,
        null,
        2,
        2,
        2,
        2,
        2,
        null,
        null
      ],
      "/Users/zacksiri/Repositories/writefully/spec/lib/writefully/taxon_spec.rb": [
        1,
        null,
        1,
        1,
        4,
        null,
        1,
        1,
        null,
        null,
        2,
        2,
        null,
        1,
        4,
        2,
        null,
        2,
        2,
        null,
        1,
        1,
        1,
        null,
        null,
        null,
        null
      ],
      "/Users/zacksiri/Repositories/writefully/app/models/writefully/tag.rb": [
        1,
        1,
        1,
        1,
        null,
        1,
        1,
        0,
        null,
        0,
        0,
        null,
        null,
        null,
        null
      ]
    },
    "timestamp": 1397420956
  }
}
