{
  "RSpec": {
    "coverage": {
      "/Users/zacksiri/Repositories/writefully/app/controllers/writefully/hooks_controller.rb": [
        1,
        null,
        1,
        1,
        1,
        1,
        null,
        1,
        null,
        1,
        null,
        1,
        3,
        3,
        null,
        null,
        1,
        null,
        null,
        1,
        0,
        0,
        null,
        null,
        1,
        1,
        1,
        1,
        null,
        null,
        null,
        1,
        null,
        1,
        0,
        null,
        null,
        1,
        2,
        null,
        null,
        1,
        0,
        0,
        null,
        null,
        null,
        1,
        null,
        null,
        0,
        null,
        null,
        null
      ],
      "/Users/zacksiri/Repositories/writefully/app/controllers/writefully/application_controller.rb": [
        1,
        1,
        null,
        1,
        12,
        null,
        null,
        1,
        12,
        null,
        null,
        1,
        2,
        2,
        2,
        2,
        2,
        null,
        null,
        1,
        null,
        1,
        null,
        1,
        24,
        null,
        null,
        null
      ],
      "/Users/zacksiri/Repositories/writefully/app/helpers/writefully/application_helper.rb": [
        1,
        1,
        1,
        7,
        null,
        null,
        1,
        7,
        null,
        null,
        1,
        7,
        null,
        null,
        null
      ],
      "/Users/zacksiri/Repositories/writefully/app/helpers/writefully/flash_helper.rb": [
        1,
        1,
        1,
        0,
        null,
        null,
        1,
        null,
        0,
        null,
        null,
        1,
        0,
        null,
        null,
        1,
        0,
        null,
        null,
        1,
        0,
        null,
        null,
        1,
        null,
        null,
        null,
        0,
        null,
        null,
        null
      ],
      "/Users/zacksiri/Repositories/writefully/app/helpers/writefully/posts_helper.rb": [
        1,
        1,
        1,
        1,
        1,
        null,
        null,
        null
      ],
      "/Users/zacksiri/Repositories/writefully/app/helpers/writefully/sites_helper.rb": [
        1,
        1,
        null,
        1,
        null,
        null,
        null,
        null,
        1,
        1,
        null,
        null,
        1,
        1,
        null,
        null,
        1,
        0,
        null,
        null,
        null
      ],
      "/Users/zacksiri/Repositories/writefully/spec/controllers/writefully/posts_controller_spec.rb": [
        1,
        null,
        1,
        1,
        5,
        null,
        1,
        1,
        1,
        null,
        5,
        5,
        4,
        null,
        2,
        null,
        1,
        4,
        null,
        null,
        1,
        1,
        1,
        1,
        null,
        null,
        1,
        1,
        1,
        1,
        null,
        null,
        null,
        1,
        1,
        1,
        1,
        null,
        null,
        1,
        1,
        1,
        null,
        null,
        null,
        null
      ],
      "/Users/zacksiri/Repositories/writefully/app/controllers/writefully/posts_controller.rb": [
        1,
        null,
        1,
        1,
        1,
        3,
        3,
        null,
        null,
        1,
        2,
        2,
        null,
        null,
        1,
        null,
        1,
        5,
        null,
        null,
        null
      ],
      "/Users/zacksiri/Repositories/writefully/app/models/writefully/site.rb": [
        1,
        1,
        1,
        null,
        1,
        null,
        1,
        null,
        1,
        null,
        4,
        4,
        null,
        1,
        null,
        6,
        null,
        1,
        0,
        null,
        null,
        null,
        null,
        1,
        0,
        null,
        null,
        1,
        2,
        null,
        null,
        null
      ],
      "/Users/zacksiri/Repositories/writefully/app/models/writefully/post.rb": [
        1,
        1,
        1,
        null,
        1,
        1,
        null,
        1,
        null,
        1,
        3,
        null,
        1,
        1,
        1,
        null,
        1,
        null,
        3,
        null,
        1,
        4,
        null,
        null,
        null
      ],
      "/Users/zacksiri/Repositories/writefully/app/models/writefully/authorship.rb": [
        1,
        1,
        1,
        null,
        1,
        null,
        1,
        1,
        null,
        1,
        null,
        1,
        2,
        null,
        null,
        1,
        1,
        null,
        null,
        1,
        1,
        null,
        null,
        1,
        1,
        1,
        null,
        null,
        null,
        5,
        null,
        1,
        null,
        null,
        null,
        null
      ],
      "/Users/zacksiri/Repositories/writefully/spec/controllers/writefully/sites_controller_spec.rb": [
        1,
        null,
        1,
        1,
        11,
        null,
        1,
        1,
        1,
        null,
        10,
        6,
        2,
        null,
        1,
        10,
        null,
        null,
        1,
        1,
        1,
        1,
        1,
        null,
        null,
        1,
        1,
        1,
        1,
        null,
        null,
        null,
        1,
        2,
        null,
        1,
        1,
        1,
        null,
        null,
        null,
        null,
        1,
        1,
        1,
        1,
        null,
        null,
        1,
        1,
        1,
        null,
        null,
        1,
        1,
        1,
        null,
        null,
        null,
        1,
        1,
        1,
        1,
        null,
        null,
        null,
        1,
        1,
        1,
        1,
        null,
        null,
        null,
        1,
        1,
        2,
        null,
        null,
        1,
        1,
        1,
        null,
        null,
        null,
        1,
        1,
        1,
        null,
        null,
        null,
        null
      ],
      "/Users/zacksiri/Repositories/writefully/app/controllers/writefully/sites_controller.rb": [
        1,
        null,
        1,
        1,
        1,
        null,
        1,
        null,
        1,
        4,
        4,
        null,
        null,
        1,
        4,
        4,
        3,
        null,
        null,
        null,
        1,
        1,
        null,
        null,
        1,
        1,
        null,
        null,
        1,
        2,
        2,
        2,
        2,
        null,
        null,
        null,
        1,
        null,
        1,
        2,
        null,
        null,
        1,
        5,
        null,
        null,
        1,
        2,
        null,
        null,
        null
      ],
      "/Users/zacksiri/Repositories/writefully/spec/features/writefully/sites_feature_spec.rb": [
        1,
        null,
        1,
        1,
        1,
        1,
        null,
        3,
        3,
        2,
        null,
        1,
        2,
        2,
        null,
        null,
        1,
        1,
        1,
        null,
        null,
        1,
        1,
        1,
        1,
        null,
        null
      ],
      "/Users/zacksiri/Repositories/writefully/spec/lib/writefully/asset_spec.rb": [
        1,
        null,
        1,
        1,
        5,
        5,
        3,
        null,
        2,
        null,
        2,
        2,
        null,
        1,
        1,
        null,
        null,
        1,
        1,
        null,
        null,
        null
      ],
      "/Users/zacksiri/Repositories/writefully/spec/lib/writefully/content_spec.rb": [
        1,
        null,
        1,
        1,
        5,
        1,
        null,
        null,
        null,
        null,
        null,
        null,
        null,
        1,
        5,
        null,
        2,
        2,
        2,
        2,
        null,
        null
      ],
      "/Users/zacksiri/Repositories/writefully/spec/lib/writefully/indices_spec.rb": [
        1,
        null,
        1,
        1,
        2,
        2,
        1,
        null,
        1,
        1,
        null,
        null,
        1,
        1,
        null,
        null,
        null
      ],
      "/Users/zacksiri/Repositories/writefully/spec/lib/writefully/postable_spec.rb": [
        1,
        null,
        1,
        1,
        5,
        null,
        1,
        1,
        1,
        null,
        null,
        1,
        1,
        null,
        null,
        null,
        1,
        1,
        1,
        1,
        null,
        null,
        1,
        1,
        null,
        null,
        null
      ],
      "/Users/zacksiri/Repositories/writefully/spec/lib/writefully/source_spec.rb": [
        1,
        null,
        1,
        1,
        5,
        1,
        null,
        null,
        null,
        2,
        null,
        null,
        null,
        2,
        2,
        null,
        1,
        1,
        null,
        null,
        2,
        null,
        null
      ],
      "/Users/zacksiri/Repositories/writefully/spec/lib/writefully/taxon_spec.rb": [
        1,
        null,
        1,
        1,
        4,
        null,
        1,
        1,
        null,
        null,
        2,
        2,
        null,
        1,
        4,
        2,
        null,
        2,
        2,
        null,
        1,
        1,
        1,
        null,
        null,
        null,
        null
      ],
      "/Users/zacksiri/Repositories/writefully/spec/lib/writefully/tools/dispatcher_spec.rb": [
        1,
        1,
        1,
        null,
        1,
        1,
        1,
        null,
        1,
        null,
        null,
        null,
        4,
        null,
        1,
        2,
        null,
        1,
        1,
        1,
        1,
        1,
        1,
        1,
        1,
        null,
        null,
        1,
        1,
        1,
        1,
        1,
        1,
        1,
        null,
        null,
        null,
        1,
        1,
        1,
        1,
        1,
        1,
        null,
        null,
        1,
        1,
        1,
        1,
        1,
        null,
        null,
        null,
        null
      ],
      "/Users/zacksiri/Repositories/writefully/lib/writefully/tools.rb": [
        1,
        1,
        null,
        null,
        null,
        null,
        1,
        1,
        1,
        1,
        1,
        1,
        1,
        1
      ],
      "/Users/zacksiri/Repositories/writefully/lib/writefully/tools/eraser.rb": [

      ],
      "/Users/zacksiri/Repositories/writefully/lib/writefully/tools/pencil.rb": [
        1,
        1,
        1,
        1,
        null,
        1,
        null,
        1,
        1,
        null,
        1,
        5,
        5,
        5,
        5,
        null,
        null,
        1,
        0,
        0,
        0,
        null,
        null,
        1,
        3,
        null,
        null,
        null,
        null,
        null,
        1,
        null,
        null,
        2,
        null,
        2,
        null,
        null,
        1,
        0,
        0,
        null,
        null,
        null,
        1,
        2,
        1,
        null,
        1,
        null,
        null,
        null,
        1,
        null,
        1,
        2,
        null,
        0,
        null,
        null,
        1,
        0,
        0,
        null,
        0,
        null,
        null,
        null,
        null,
        null,
        null
      ],
      "/Users/zacksiri/Repositories/writefully/lib/writefully/tools/pigeon.rb": [
        1,
        1,
        1,
        1,
        null,
        1,
        0,
        0,
        null,
        0,
        null,
        null,
        1,
        null,
        null,
        null,
        null,
        null
      ],
      "/Users/zacksiri/Repositories/writefully/lib/writefully/tools/hammer.rb": [
        1,
        1,
        1,
        1,
        null,
        1,
        null,
        1,
        5,
        5,
        null,
        null,
        1,
        null,
        null,
        null,
        null,
        null,
        null,
        null,
        null,
        3,
        null,
        null,
        1,
        2,
        2,
        null,
        1,
        null,
        null,
        1,
        2,
        2,
        null,
        1,
        null,
        null,
        null,
        null,
        null
      ],
      "/Users/zacksiri/Repositories/writefully/lib/writefully/tools/dispatcher.rb": [
        1,
        1,
        1,
        1,
        null,
        1,
        null,
        1,
        4,
        0,
        null,
        null,
        null,
        1,
        0,
        null,
        null,
        1,
        0,
        0,
        null,
        null,
        1,
        2,
        1,
        null,
        null,
        null,
        1,
        0,
        null,
        null,
        1,
        0,
        null,
        null,
        1,
        4,
        null,
        null,
        1,
        6,
        null,
        null,
        1,
        4,
        null,
        null,
        null,
        null,
        null
      ],
      "/Users/zacksiri/Repositories/writefully/lib/writefully/tools/retryer.rb": [
        1,
        1,
        1,
        1,
        null,
        1,
        null,
        1,
        0,
        0,
        0,
        null,
        0,
        null,
        null,
        null,
        1,
        0,
        null,
        null,
        1,
        0,
        null,
        null,
        1,
        0,
        null,
        null,
        null,
        null
      ],
      "/Users/zacksiri/Repositories/writefully/lib/writefully/tools/initializer.rb": [
        1,
        1,
        1,
        1,
        null,
        1,
        null,
        1,
        null,
        1,
        1,
        1,
        null,
        null,
        1,
        0,
        0,
        0,
        null,
        null,
        null,
        null,
        null,
        1,
        0,
        0,
        null,
        null,
        1,
        2,
        null,
        null,
        1,
        0,
        null,
        null,
        null,
        null
      ],
      "/Users/zacksiri/Repositories/writefully/lib/writefully/tools/synchronizer.rb": [
        1,
        1,
        1,
        1,
        null,
        1,
        null,
        1,
        null,
        1,
        1,
        null,
        null,
        1,
        0,
        0,
        null,
        null,
        1,
        1,
        null,
        null,
        null,
        null
      ],
      "/Users/zacksiri/Repositories/writefully/spec/lib/writefully/tools/hammer_spec.rb": [
        1,
        1,
        1,
        null,
        1,
        1,
        1,
        6,
        6,
        6,
        6,
        null,
        6,
        null,
        1,
        null,
        null,
        null,
        null,
        null,
        null,
        null,
        null,
        1,
        null,
        null,
        1,
        5,
        5,
        null,
        null,
        1,
        1,
        1,
        1,
        1,
        null,
        null,
        null,
        1,
        1,
        1,
        1,
        1,
        1,
        null,
        null,
        1,
        1,
        1,
        1,
        1,
        null,
        null,
        null,
        null,
        1,
        1,
        1,
        1,
        1,
        1,
        null,
        null,
        1,
        1,
        1,
        1,
        1,
        null,
        null,
        null,
        null,
        null,
        null,
        null,
        null,
        null
      ],
      "/Users/zacksiri/Repositories/writefully/spec/lib/writefully/tools/initializer_spec.rb": [
        1,
        1,
        1,
        null,
        1,
        1,
        1,
        2,
        null,
        1,
        1,
        1,
        1,
        1,
        null,
        null,
        null,
        null
      ],
      "/Users/zacksiri/Repositories/writefully/spec/lib/writefully/tools/pencil_spec.rb": [
        1,
        1,
        1,
        null,
        1,
        1,
        1,
        1,
        1,
        null,
        5,
        2,
        1,
        null,
        null,
        null,
        null,
        null,
        null,
        null,
        null,
        1,
        null,
        null,
        1,
        5,
        5,
        5,
        null,
        null,
        1,
        1,
        1,
        1,
        null,
        null,
        1,
        1,
        1,
        1,
        1,
        null,
        1,
        null,
        null,
        1,
        1,
        1,
        1,
        null,
        1,
        null,
        null,
        null,
        1,
        1,
        1,
        1,
        1,
        null,
        null,
        1,
        1,
        1,
        1,
        null,
        null,
        null,
        null,
        null,
        null,
        null
      ],
      "/Users/zacksiri/Repositories/writefully/spec/lib/writefully/tools/synchronizer_spec.rb": [
        1,
        1,
        1,
        null,
        1,
        1,
        1,
        2,
        null,
        1,
        1,
        1,
        1,
        null,
        null,
        null,
        null
      ],
      "/Users/zacksiri/Repositories/writefully/spec/lib/writefully/workers/handyman_spec.rb": [
        1,
        1,
        1,
        1,
        null,
        1,
        1,
        1,
        1,
        null,
        1,
        1,
        null,
        2,
        2,
        2,
        2,
        2,
        2,
        null,
        null,
        2,
        null,
        2,
        null,
        1,
        1,
        1,
        1,
        1,
        1,
        null,
        null,
        1,
        1,
        1,
        null,
        null,
        1,
        1,
        1,
        1,
        1,
        1,
        null,
        1,
        null,
        null,
        null,
        null
      ],
      "/Users/zacksiri/Repositories/writefully/lib/writefully/workers.rb": [
        1,
        1,
        null,
        null,
        null,
        1,
        1,
        1,
        1
      ],
      "/Users/zacksiri/Repositories/writefully/lib/writefully/workers/helpers.rb": [
        1,
        null,
        1,
        1,
        null,
        null,
        null,
        1
      ],
      "/Users/zacksiri/Repositories/writefully/lib/writefully/workers/helpers/handyman/builder.rb": [
        1,
        1,
        1,
        null,
        1,
        1,
        1,
        null,
        null,
        1,
        0,
        0,
        null,
        0,
        null,
        null,
        null
      ],
      "/Users/zacksiri/Repositories/writefully/lib/writefully/workers/base_worker.rb": [
        1,
        1,
        1,
        1,
        null,
        1,
        null,
        1,
        null,
        1,
        1,
        1,
        null,
        null,
        1,
        1,
        null,
        null,
        1,
        0,
        0,
        null,
        null,
        null,
        null
      ],
      "/Users/zacksiri/Repositories/writefully/lib/writefully/workers/journalist.rb": [
        1,
        1,
        1,
        1,
        1,
        1,
        1,
        null,
        null,
        1,
        0,
        null,
        null,
        1,
        1,
        null,
        null,
        1,
        0,
        null,
        null,
        null,
        null
      ],
      "/Users/zacksiri/Repositories/writefully/lib/writefully/workers/handyman.rb": [
        1,
        1,
        1,
        1,
        null,
        1,
        null,
        1,
        1,
        1,
        null,
        1,
        null,
        null,
        1,
        1,
        null,
        null,
        1,
        1,
        null,
        1,
        1,
        1,
        null,
        null,
        1,
        0,
        0,
        0,
        null,
        0,
        null,
        null,
        null,
        null,
        null
      ],
      "/Users/zacksiri/Repositories/writefully/spec/lib/writefully/workers/journalist_spec.rb": [
        1,
        1,
        1,
        1,
        null,
        1,
        1,
        1,
        3,
        2,
        3,
        3,
        null,
        1,
        2,
        2,
        null,
        null,
        2,
        null,
        1,
        1,
        1,
        null,
        null,
        3,
        null,
        null,
        null,
        null
      ],
      "/Users/zacksiri/Repositories/writefully/spec/dummy/app/models/post.rb": [
        1,
        3,
        null
      ],
      "/Users/zacksiri/Repositories/writefully/app/models/writefully/tag.rb": [
        1,
        1,
        1,
        null,
        1,
        1,
        null,
        1,
        1,
        4,
        null,
        4,
        8,
        null,
        null,
        null,
        null
      ],
      "/Users/zacksiri/Repositories/writefully/app/models/writefully/tagging.rb": [
        1,
        1,
        1,
        null,
        1,
        1,
        null,
        null
      ],
      "/Users/zacksiri/Repositories/writefully/spec/dummy/app/models/playlist.rb": [
        1,
        null,
        null
      ]
    },
    "timestamp": 1398293445
  }
}
